0 info it worked if it ends with ok
1 verbose cli [ '/usr/bin/node', '/usr/bin/npm', 'run', 'start-prod' ]
2 info using npm@3.5.2
3 info using node@v8.10.0
4 verbose run-script [ 'prestart-prod', 'start-prod', 'poststart-prod' ]
5 info lifecycle example@0.0.0~prestart-prod: example@0.0.0
6 silly lifecycle example@0.0.0~prestart-prod: no script for prestart-prod, continuing
7 info lifecycle example@0.0.0~start-prod: example@0.0.0
8 verbose lifecycle example@0.0.0~start-prod: unsafe-perm in lifecycle true
9 verbose lifecycle example@0.0.0~start-prod: PATH: /usr/share/npm/bin/node-gyp-bin:/home/anto/Documents/Kerjaan/NodeJs/example/node_modules/.bin:/home/anto/Downloads/applications/flutter/bin:/usr/local/sbin:/usr/local/bin:/usr/sbin:/usr/bin:/sbin:/bin:/usr/games:/usr/local/games:~/Downloads/applications/flutter/bin:/snap/bin:/home/anto/Android/Sdk/tools
10 verbose lifecycle example@0.0.0~start-prod: CWD: /home/anto/Documents/Kerjaan/NodeJs/example
11 silly lifecycle example@0.0.0~start-prod: Args: [ '-c', 'NODE_ENV=production nodemon ./bin/www' ]
12 silly lifecycle example@0.0.0~start-prod: Returned: code: 1  signal: null
13 info lifecycle example@0.0.0~start-prod: Failed to exec start-prod script
14 verbose stack Error: example@0.0.0 start-prod: `NODE_ENV=production nodemon ./bin/www`
14 verbose stack Exit status 1
14 verbose stack     at EventEmitter.<anonymous> (/usr/share/npm/lib/utils/lifecycle.js:232:16)
14 verbose stack     at emitTwo (events.js:126:13)
14 verbose stack     at EventEmitter.emit (events.js:214:7)
14 verbose stack     at ChildProcess.<anonymous> (/usr/share/npm/lib/utils/spawn.js:24:14)
14 verbose stack     at emitTwo (events.js:126:13)
14 verbose stack     at ChildProcess.emit (events.js:214:7)
14 verbose stack     at maybeClose (internal/child_process.js:925:16)
14 verbose stack     at Process.ChildProcess._handle.onexit (internal/child_process.js:209:5)
15 verbose pkgid example@0.0.0
16 verbose cwd /home/anto/Documents/Kerjaan/NodeJs/example
17 error Linux 5.0.0-36-generic
18 error argv "/usr/bin/node" "/usr/bin/npm" "run" "start-prod"
19 error node v8.10.0
20 error npm  v3.5.2
21 error code ELIFECYCLE
22 error example@0.0.0 start-prod: `NODE_ENV=production nodemon ./bin/www`
22 error Exit status 1
23 error Failed at the example@0.0.0 start-prod script 'NODE_ENV=production nodemon ./bin/www'.
23 error Make sure you have the latest version of node.js and npm installed.
23 error If you do, this is most likely a problem with the example package,
23 error not with npm itself.
23 error Tell the author that this fails on your system:
23 error     NODE_ENV=production nodemon ./bin/www
23 error You can get information on how to open an issue for this project with:
23 error     npm bugs example
23 error Or if that isn't available, you can get their info via:
23 error     npm owner ls example
23 error There is likely additional logging output above.
24 verbose exit [ 1, true ]
